[2025-08-12T20:01:44Z DEBUG phlow] Starting Phlow Runtime
[2025-08-12T20:01:44Z INFO  phlow::loader] Downloading modules...
[2025-08-12T20:01:44Z INFO  phlow::loader] Module http_server (latest) already exists at phlow_packages/http_server/module.so, skipping download
[2025-08-12T20:01:44Z INFO  phlow::loader] Module cache (latest) already exists at phlow_packages/cache/module.so, skipping download
[2025-08-12T20:01:44Z INFO  phlow::loader] All modules downloaded and extracted successfully
[2025-08-12T20:01:44Z DEBUG phlow::loader] update_info
[2025-08-12T20:01:44Z DEBUG phlow::loader] module info loaded
[2025-08-12T20:01:44Z DEBUG phlow::loader] module info loaded
[2025-08-12T20:01:44Z DEBUG phlow] Run application
[2025-08-12T20:01:44Z DEBUG phlow::runtime] Module http_server loaded with name "http_server" and version "latest"
[2025-08-12T20:01:44Z DEBUG phlow::loader] Find phlow_packages/http_server/module.so...
[2025-08-12T20:01:44Z INFO  phlow::loader] 🧪 Load Module: http_server (latest), in phlow_packages/http_server/module.so
[2025-08-12T20:01:44Z INFO  phlow::loader] Loading binary module: phlow_packages/http_server/module.so
[2m2025-08-12T20:01:44.309182Z[0m [34mDEBUG[0m [2mphlow_sdk::otel[0m[2m:[0m PHLOW_OTEL is set to false, using default subscriber
[2m2025-08-12T20:01:44.313259Z[0m [34mDEBUG[0m [2mlog[0m[2m:[0m Loading OpenAPI spec from content: {"tags": [{"name": "Users","description": "User management endpoints"}],"openapi": "3.1.0","paths": {"/users/{userId}": {"parameters": [{"$ref": "#/components/parameters/UserIdPath"}],"delete": {"summary": "Delete user by ID","responses": {"204": {"description": "User deleted"},"404": {"$ref": "#/components/responses/NotFound"}},"tags": ["Users"],"operationId": "deleteUser"},"get": {"operationId": "getUser","tags": ["Users"],"summary": "Get user by ID","responses": {"404": {"$ref": "#/components/responses/NotFound"},"200": {"content": {"application/json": {"schema": {"$ref": "#/components/schemas/User"}}},"description": "User found"}}},"put": {"tags": ["Users"],"summary": "Update user by ID","responses": {"400": {"$ref": "#/components/responses/ValidationError"},"200": {"description": "User updated","content": {"application/json": {"schema": {"$ref": "#/components/schemas/User"}}}},"404": {"$ref": "#/components/responses/NotFound"}},"requestBody": {"required": true,"content": {"application/json": {"schema": {"$ref": "#/components/schemas/UpdateUser"}}}},"operationId": "updateUser"}},"/users": {"post": {"operationId": "createUser","requestBody": {"required": true,"content": {"application/json": {"schema": {"$ref": "#/components/schemas/NewUser"}}}},"summary": "Create a new user","responses": {"400": {"$ref": "#/components/responses/ValidationError"},"201": {"headers": {"Location": {"description": "URI of the created resource","schema": {"type": "string","format": "uri"}}},"description": "User created","content": {"application/json": {"schema": {"$ref": "#/components/schemas/User"}}}}},"tags": ["Users"]},"get": {"tags": ["Users"],"operationId": "listUsers","summary": "List all users","responses": {"200": {"description": "A list of users","content": {"application/json": {"schema": {"items": {"$ref": "#/components/schemas/User"},"type": "array"}}}},"400": {"$ref": "#/components/responses/ValidationError"}}}}},"components": {"parameters": {"UserIdPath": {"required": true,"schema": {"$ref": "#/components/schemas/UserId"},"name": "userId","in": "path"}},"schemas": {"User": {"type": "object","properties": {"email": {"format": "email","type": "string"},"name": {"type": "string","maxLength": 50,"minLength": 2,"pattern": "^[a-zA-ZÀ-ÿ ]+$"},"phone": {"pattern": "^\+?[1-9]\d[\d \-\(\)]{7,15}$","type": "string","description": "User phone number (optional)"},"id": {"$ref": "#/components/schemas/UserId"},"age": {"description": "User age in years (optional)","maximum": 120,"type": "integer","minimum": 0}},"additionalProperties": false,"required": ["id","name","email"],"description": "User resource"},"UserId": {"type": "string","description": "The unique identifier of a user (email address in this implementation)"},"Error": {"type": "object","additionalProperties": false,"required": ["code","message"],"properties": {"code": {"type": "string"},"details": {"description": "Arbitrary validation or domain details","type": "array","items": {"type": "object"}},"message": {"type": "string"}}},"NewUser": {"properties": {"age": {"maximum": 120,"minimum": 0,"type": "integer"},"phone": {"pattern": "^\+?[1-9]\d[\d \-\(\)]{7,15}$","type": "string"},"email": {"type": "string","format": "email"},"name": {"minLength": 2,"maxLength": 50,"pattern": "^[a-zA-ZÀ-ÿ ]+$","type": "string"}},"required": ["name","email"],"type": "object","additionalProperties": false,"description": "Payload to create a new user"},"UpdateUser": {"additionalProperties": true,"minProperties": 1,"type": "object","properties": {"phone": {"type": "string","pattern": "^\+?[1-9]\d[\d \-\(\)]{7,15}$"},"age": {"maximum": 120,"type": "integer","minimum": 0},"name": {"minLength": 2,"pattern": "^[a-zA-ZÀ-ÿ ]+$","type": "string","maxLength": 50}},"description": "Payload to update an existing user"}},"responses": {"NotFound": {"description": "Resource not found","content": {"application/json": {"schema": {"$ref": "#/components/schemas/Error"}}}},"ValidationError": {"content": {"application/json": {"schema": {"$ref": "#/components/schemas/Error"}}},"description": "Validation error"}}},"info": {"version": "1.0.0","title": "Test API"},"servers": [{"url": "https://api.example.com/v1"}]}    
[2m2025-08-12T20:01:44.314637Z[0m [32m INFO[0m [2mlog[0m[2m:[0m OpenAPI validator loaded successfully    
[2m2025-08-12T20:01:44.314689Z[0m [34mDEBUG[0m [2mlog[0m[2m:[0m Listening on 0.0.0.0:3000    
[2025-08-12T20:01:44Z DEBUG phlow::runtime] Module http_server did not register
[2025-08-12T20:01:44Z DEBUG phlow::runtime] Module cache loaded with name "cache" and version "latest"
[2025-08-12T20:01:44Z DEBUG phlow::loader] Find phlow_packages/cache/module.so...
[2025-08-12T20:01:44Z INFO  phlow::loader] 🧪 Load Module: cache (latest), in phlow_packages/cache/module.so
[2025-08-12T20:01:44Z INFO  phlow::loader] Loading binary module: phlow_packages/cache/module.so
[2025-08-12T20:01:44Z DEBUG cache] Cache module started with config: CacheConfig { capacity: 1000, default_ttl: None, enable_events: false }
[2025-08-12T20:01:44Z DEBUG phlow::runtime] Module cache registered
[2025-08-12T20:01:44Z INFO  phlow::runtime] Phlow!
[2025-08-12T20:01:44Z DEBUG phlow_engine::transform] [
    	[
    		{
    			"return": {
    				"body": {
    					"message": "User already exists"
    				},
    				"status_code": 409
    			}
    		}
    	],
    	[
    		{
    			"use": "cache",
    			"input": {
    				"action": "get",
    				"key": "{{ main.body.email }}"
    			}
    		},
    		{
    			"then": 0,
    			"assert": "{{ payload.success && payload.found }}"
    		},
    		{
    			"input": {
    				"key": "{{ main.body.email }}",
    				"action": "set",
    				"value": "{{ main.body }}"
    			},
    			"use": "cache"
    		},
    		{
    			"return": {
    				"status_code": 201,
    				"body": {
    					"user": "{{ main.body }}",
    					"message": "User created successfully"
    				}
    			}
    		}
    	],
    	[
    		{
    			"return": {
    				"status_code": 200,
    				"body": "{{ main }}"
    			}
    		}
    	],
    	[
    		{
    			"input": {
    				"key": "{{ main.path_params.userId }}",
    				"action": "get"
    			},
    			"use": "cache"
    		},
    		{
    			"assert": "{{ payload.success }}",
    			"then": 2
    		},
    		{
    			"return": {
    				"body": {
    					"message": "User not found"
    				},
    				"status_code": 404
    			}
    		}
    	],
    	[
    		{
    			"use": "cache",
    			"input": {
    				"key": "{{ main.path_params.userId }}",
    				"action": "set",
    				"value": "{{ merge(payload.value, main.body) }}"
    			}
    		},
    		{
    			"return": {
    				"status_code": 200,
    				"body": {
    					"user": "{{ main.body }}",
    					"message": "User updated successfully"
    				}
    			}
    		}
    	],
    	[
    		{
    			"use": "cache",
    			"input": {
    				"value": "{{ main.body }}",
    				"action": "get",
    				"key": "{{ main.path_params.userId }}"
    			}
    		},
    		{
    			"then": 4,
    			"assert": "{{ payload.success && !is_empty(payload.value) }}"
    		},
    		{
    			"return": {
    				"body": {
    					"message": "User not found"
    				},
    				"status_code": 404
    			}
    		}
    	],
    	[
    		{
    			"input": {
    				"action": "remove",
    				"key": "{{ main.path_params.userId }}"
    			},
    			"use": "cache"
    		},
    		{
    			"return": {
    				"status_code": 204,
    				"body": {
    				}
    			}
    		}
    	],
    	[
    		{
    			"use": "cache",
    			"input": {
    				"action": "list"
    			}
    		},
    		{
    			"return": {
    				"status_code": 200,
    				"body": {
    					"users": "{{ payload.items }}"
    				}
    			}
    		}
    	],
    	[
    		{
    			"assert": "{{ main.method == \"POST\" && main.path == \"/users\" }}",
    			"then": 1
    		},
    		{
    			"assert": "{{ main.method == \"GET\" && main.path == \"/users/{userId}\" }}",
    			"then": 3
    		},
    		{
    			"then": 5,
    			"assert": "{{ main.method == \"PUT\" && main.path == \"/users/{userId}\" }}"
    		},
    		{
    			"then": 6,
    			"assert": "{{ main.method == \"DELETE\" && main.path == \"/users/{userId}\" }}"
    		},
    		{
    			"then": 7,
    			"assert": "{{ main.method == \"GET\" && main.path == \"/users\" }}"
    		}
    	]
    ]
[2025-08-12T20:02:39Z DEBUG phlow::memory] Memory released successfully: 1
